<?xml version="1.0" encoding="UTF-8"?>
<!-- Generated by org.testng.reporters.JUnitReportReporter -->
<testsuite hostname="PENNANT-VSP211" failures="0" tests="2" name="TestServices.TestEmploymentInductionDocumentService" time="0.069" errors="0" timestamp="2023-07-01T16:21:57 IST" skipped="0">
  <testcase classname="TestServices.TestEmploymentInductionDocumentService" name="testGetAllDocuments" time="0.012"/>
  <testcase classname="TestServices.TestEmploymentInductionDocumentService" name="testAddCandidateInductionDocument" time="0.057"/>
</testsuite> <!-- TestServices.TestEmploymentInductionDocumentService -->
