<?xml version="1.0" encoding="UTF-8"?>
<!-- Generated by org.testng.reporters.JUnitReportReporter -->
<testsuite hostname="PENNANT-VSP211" failures="0" tests="3" name="TestServices.TestEmploymentInductionService" time="0.063" errors="0" timestamp="2023-07-01T14:52:01 IST" skipped="0">
  <testcase classname="TestServices.TestEmploymentInductionService" name="testGetStatusById" time="0.006"/>
  <testcase classname="TestServices.TestEmploymentInductionService" name="testGetAllEmploymentOffers" time="0.052"/>
  <testcase classname="TestServices.TestEmploymentInductionService" name="testGetId" time="0.005"/>
</testsuite> <!-- TestServices.TestEmploymentInductionService -->
