<?xml version="1.0" encoding="UTF-8"?>
<!-- Generated by org.testng.reporters.JUnitReportReporter -->
<testsuite hostname="PENNANT-VSP211" failures="0" tests="4" name="TestDAO.TestInductionDAOImpl" time="0.118" errors="0" timestamp="2023-07-01T16:21:43 IST" skipped="0">
  <testcase classname="TestDAO.TestInductionDAOImpl" name="testInsertEmployeeException" time="0.006"/>
  <testcase classname="TestDAO.TestInductionDAOImpl" name="testInsertEmployee" time="0.005"/>
  <testcase classname="TestDAO.TestInductionDAOImpl" name="testGetInductionById" time="0.007"/>
  <testcase classname="TestDAO.TestInductionDAOImpl" name="testGetAllInductions" time="0.100"/>
</testsuite> <!-- TestDAO.TestInductionDAOImpl -->
