<?xml version="1.0" encoding="UTF-8"?>
<!-- Generated by org.testng.reporters.JUnitReportReporter -->
<testsuite hostname="PENNANT-VSP211" failures="0" tests="2" name="TestDAO.TestEmploymentInductionDocDAOImpl" time="0.124" errors="0" timestamp="2023-07-01T16:21:27 IST" skipped="0">
  <testcase classname="TestDAO.TestEmploymentInductionDocDAOImpl" name="testGetAllDocuments" time="0.072"/>
  <testcase classname="TestDAO.TestEmploymentInductionDocDAOImpl" name="testAddEmploymentInductionDocument" time="0.052"/>
</testsuite> <!-- TestDAO.TestEmploymentInductionDocDAOImpl -->
